<?xml version="1.0" encoding="UTF-8"?>
<testng-results ignored="0" total="1" passed="1" failed="0" skipped="0">
  <reporter-output>
  </reporter-output>
  <suite started-at="2023-08-25T19:46:38Z" name="Suite" finished-at="2023-08-25T19:46:44Z" duration-ms="6024">
    <groups>
    </groups>
    <test started-at="2023-08-25T19:46:38Z" name="Test" finished-at="2023-08-25T19:46:44Z" duration-ms="6024">
      <class name="org.testing.testscripts.testcase1">
        <test-method signature="tc1()[pri:0, instance:org.testing.testscripts.testcase1@5454d35e]" started-at="2023-08-26T01:16:38Z" name="tc1" finished-at="2023-08-26T01:16:44Z" duration-ms="5958" status="PASS">
          <reporter-output>
          </reporter-output>
        </test-method> <!-- tc1 -->
      </class> <!-- org.testing.testscripts.testcase1 -->
    </test> <!-- Test -->
  </suite> <!-- Suite -->
</testng-results>
